#
# There is insufficient memory for the Java Runtime Environment to continue.
# Native memory allocation (malloc) failed to allocate 1378176 bytes for Chunk::new
# Possible reasons:
#   The system is out of physical RAM or swap space
#   The process is running with CompressedOops enabled, and the Java Heap may be blocking the growth of the native heap
# Possible solutions:
#   Reduce memory load on the system
#   Increase physical memory or swap space
#   Check if swap backing store is full
#   Decrease Java heap size (-Xmx/-Xms)
#   Decrease number of Java threads
#   Decrease Java thread stack sizes (-Xss)
#   Set larger code cache with -XX:ReservedCodeCacheSize=
#   JVM is running with Unscaled Compressed Oops mode in which the Java heap is
#     placed in the first 4GB address space. The Java Heap base address is the
#     maximum limit for the native heap growth. Please use -XX:HeapBaseMinAddress
#     to set the Java Heap base and to place the Java Heap above 4GB virtual address.
# This output file may be truncated or incomplete.
#
#  Out of Memory Error (allocation.cpp:389), pid=5596, tid=0x00000000000020b0
#
# JRE version: OpenJDK Runtime Environment (8.0_242-b01) (build 1.8.0_242-release-1644-b01)
# Java VM: OpenJDK 64-Bit Server VM (25.242-b01 mixed mode windows-amd64 compressed oops)
# Failed to write core dump. Minidumps are not enabled by default on client versions of Windows
#

---------------  T H R E A D  ---------------

Current thread (0x00000000175a4000):  JavaThread "C2 CompilerThread0" daemon [_thread_in_native, id=8368, stack(0x0000000018bf0000,0x0000000018cf0000)]

Stack: [0x0000000018bf0000,0x0000000018cf0000]
[error occurred during error reporting (printing stack bounds), id 0xc0000005]

Native frames: (J=compiled Java code, j=interpreted, Vv=VM code, C=native code)


Current CompileTask:
C2: 790700 11493       4       org.gradle.internal.instantiation.generator.AbstractClassGenerator::inspectType (559 bytes)


---------------  P R O C E S S  ---------------

Java Threads: ( => current thread )
  0x000000001f481800 JavaThread "Cache worker for cache directory md-rule (C:\Users\JARVIS\.gradle\caches\6.1.1\md-rule)" [_thread_blocked, id=1700, stack(0x0000000021c80000,0x0000000021d80000)]
  0x000000001f482000 JavaThread "Cache worker for cache directory md-supplier (C:\Users\JARVIS\.gradle\caches\6.1.1\md-supplier)" [_thread_blocked, id=2236, stack(0x000000001fde0000,0x000000001fee0000)]
  0x000000001f479000 JavaThread "Cache worker for file hash cache (C:\Users\JARVIS\AndroidStudioProjects\MEProject\.gradle\6.1.1\fileHashes)" [_thread_blocked, id=4620, stack(0x000000001e3e0000,0x000000001e4e0000)]
  0x000000001f480000 JavaThread "Cache worker for checksums cache (C:\Users\JARVIS\AndroidStudioProjects\MEProject\.gradle\checksums)" [_thread_blocked, id=2756, stack(0x000000001ce10000,0x000000001cf10000)]
  0x000000001f47f000 JavaThread "Thread-42" [_thread_blocked, id=9384, stack(0x000000001cb10000,0x000000001cc10000)]
  0x000000001f47b800 JavaThread "Stdin handler" [_thread_blocked, id=9464, stack(0x000000001ca10000,0x000000001cb10000)]
  0x000000001f47d000 JavaThread "Asynchronous log dispatcher for DefaultDaemonConnection: socket connection from /127.0.0.1:61231 to /127.0.0.1:61280" [_thread_blocked, id=504, stack(0x000000001c710000,0x000000001c810000)]
  0x000000001f47e800 JavaThread "Daemon worker Thread 2" [_thread_in_native, id=9820, stack(0x000000001c610000,0x000000001c710000)]
  0x000000001f478800 JavaThread "Cancel handler" [_thread_blocked, id=1996, stack(0x0000000000d00000,0x0000000000e00000)]
  0x000000001f47a800 JavaThread "Handler for socket connection from /127.0.0.1:61231 to /127.0.0.1:61280" [_thread_in_native, id=8252, stack(0x0000000000c00000,0x0000000000d00000)]
  0x000000001f47d800 JavaThread "Daemon Thread 2" [_thread_blocked, id=7464, stack(0x0000000000b00000,0x0000000000c00000)]
  0x000000001f47c000 JavaThread "Cache worker for Java compile cache (C:\Users\JARVIS\.gradle\caches\6.1.1\javaCompile)" [_thread_blocked, id=9504, stack(0x0000000025e80000,0x0000000025f80000)]
  0x000000001e958800 JavaThread "Cache worker for file content cache (C:\Users\JARVIS\.gradle\caches\6.1.1\fileContent)" [_thread_blocked, id=6356, stack(0x0000000023180000,0x0000000023280000)]
  0x000000001e95a800 JavaThread "Memory manager" [_thread_blocked, id=4004, stack(0x0000000023080000,0x0000000023180000)]
  0x000000001b2c4000 JavaThread "Cache worker for execution history cache (C:\Users\JARVIS\.gradle\caches\6.1.1\executionHistory)" [_thread_blocked, id=3636, stack(0x0000000020f80000,0x0000000021080000)]
  0x000000001b2c7000 JavaThread "Cache worker for file hash cache (C:\Users\JARVIS\.gradle\caches\6.1.1\fileHashes)" [_thread_blocked, id=9960, stack(0x000000001d310000,0x000000001d410000)]
  0x000000001b2c6800 JavaThread "File lock request listener" [_thread_in_native, id=2012, stack(0x000000001d210000,0x000000001d310000)]
  0x000000001b2e5800 JavaThread "Cache worker for journal cache (C:\Users\JARVIS\.gradle\caches\journal-1)" [_thread_blocked, id=5632, stack(0x000000001d110000,0x000000001d210000)]
  0x000000001b0c7800 JavaThread "Daemon periodic checks" [_thread_blocked, id=10040, stack(0x000000001c510000,0x000000001c610000)]
  0x000000001b07a800 JavaThread "Incoming local TCP Connector on port 61231" [_thread_in_native, id=6400, stack(0x000000001c2d0000,0x000000001c3d0000)]
  0x000000001b03c000 JavaThread "Daemon health stats" [_thread_blocked, id=9132, stack(0x000000001bc90000,0x000000001bd90000)]
  0x0000000018f1d000 JavaThread "Service Thread" daemon [_thread_blocked, id=1124, stack(0x00000000192f0000,0x00000000193f0000)]
  0x00000000175b9800 JavaThread "C1 CompilerThread2" daemon [_thread_in_vm, id=7040, stack(0x0000000018df0000,0x0000000018ef0000)]
  0x00000000175ab000 JavaThread "C2 CompilerThread1" daemon [_thread_blocked, id=7972, stack(0x0000000018cf0000,0x0000000018df0000)]
=>0x00000000175a4000 JavaThread "C2 CompilerThread0" daemon [_thread_in_native, id=8368, stack(0x0000000018bf0000,0x0000000018cf0000)]
  0x00000000175a3000 JavaThread "Attach Listener" daemon [_thread_blocked, id=1216, stack(0x0000000018af0000,0x0000000018bf0000)]
  0x00000000175a2000 JavaThread "Signal Dispatcher" daemon [_thread_blocked, id=10088, stack(0x00000000189f0000,0x0000000018af0000)]
  0x000000000297d000 JavaThread "Finalizer" daemon [_thread_blocked, id=7028, stack(0x00000000187f0000,0x00000000188f0000)]
  0x0000000017589000 JavaThread "Reference Handler" daemon [_thread_blocked, id=3928, stack(0x00000000186f0000,0x00000000187f0000)]
  0x000000000287e000 JavaThread "main" [_thread_blocked, id=10236, stack(0x0000000002770000,0x0000000002870000)]

Other Threads:
  0x0000000017566000 VMThread [stack: 0x00000000185f0000,0x00000000186f0000] [id=6928]
  0x0000000018f25800 WatcherThread [stack: 0x00000000193f0000,0x00000000194f0000] [id=8048]

VM state:not at safepoint (normal execution)

VM Mutex/Monitor currently owned by a thread: None

heap address: 0x0000000080000000, size: 2048 MB, Compressed Oops mode: 32-bit
Narrow klass base: 0x0000000000000000, Narrow klass shift: 3
Compressed class space size: 1073741824 Address: 0x0000000100000000

Heap:
 PSYoungGen      total 395776K, used 109990K [0x00000000d5580000, 0x00000000f2180000, 0x0000000100000000)
  eden space 368128K, 29% used [0x00000000d5580000,0x00000000dc0e9a78,0x00000000ebd00000)
  from space 27648K, 0% used [0x00000000ee780000,0x00000000ee780000,0x00000000f0280000)
  to   space 43520K, 0% used [0x00000000ebd00000,0x00000000ebd00000,0x00000000ee780000)
 ParOldGen       total 116736K, used 58371K [0x0000000080000000, 0x0000000087200000, 0x00000000d5580000)
  object space 116736K, 50% used [0x0000000080000000,0x0000000083900e38,0x0000000087200000)
 Metaspace       used 85971K, capacity 90096K, committed 90416K, reserved 1126400K
  class space    used 11692K, capacity 12514K, committed 12592K, reserved 1048576K

Card table byte_map: [0x0000000011d40000,0x0000000012150000] byte_map_base: 0x0000000011940000

Marking Bits: (ParMarkBitMap*) 0x0000000061ddf030
 Begin Bits: [0x0000000012800000, 0x0000000014800000)
 End Bits:   [0x0000000014800000, 0x0000000016800000)

Polling page: 0x0000000002680000

CodeCache: size=245760Kb used=30381Kb max_used=30384Kb free=215378Kb
 bounds [0x0000000002980000, 0x0000000004750000, 0x0000000011980000]
 total_blobs=10712 nmethods=9850 adapters=773
 compilation: enabled

Compilation events (10 events):
Event: 790.463 Thread 0x00000000175b9800 nmethod 11538 0x00000000047316d0 code [0x0000000004731840, 0x0000000004731b18]
Event: 790.514 Thread 0x00000000175b9800 11541       3       org.gradle.util.BuildCommencedTimeProvider::getCurrentTime (5 bytes)
Event: 790.514 Thread 0x00000000175b9800 nmethod 11541 0x000000000471ce10 code [0x000000000471cf60, 0x000000000471d0b0]
Event: 790.566 Thread 0x00000000175ab000 nmethod 11527 0x000000000473b150 code [0x000000000473b8a0, 0x0000000004742070]
Event: 790.566 Thread 0x00000000175ab000 11531       4       java.util.Arrays::fill (23 bytes)
Event: 790.568 Thread 0x00000000175ab000 nmethod 11531 0x0000000004738190 code [0x00000000047382c0, 0x00000000047383b8]
Event: 790.568 Thread 0x00000000175ab000 11530       4       com.google.common.collect.ImmutableList$Builder::build (17 bytes)
Event: 790.570 Thread 0x00000000175ab000 nmethod 11530 0x0000000004737e90 code [0x0000000004737fe0, 0x00000000047380d8]
Event: 790.635 Thread 0x00000000175b9800 11542       3       org.gradle.api.internal.artifacts.DefaultImmutableModuleIdentifierFactory::module (89 bytes)
Event: 790.636 Thread 0x00000000175b9800 nmethod 11542 0x0000000004739ed0 code [0x000000000473a0e0, 0x000000000473ad18]

GC Heap History (10 events):
Event: 22.236 GC heap before
{Heap before GC invocations=14 (full 2):
 PSYoungGen      total 204800K, used 88690K [0x00000000d5580000, 0x00000000e8d00000, 0x0000000100000000)
  eden space 191488K, 39% used [0x00000000d5580000,0x00000000d9f1d448,0x00000000e1080000)
  from space 13312K, 99% used [0x00000000e1080000,0x00000000e1d7f528,0x00000000e1d80000)
  to   space 18944K, 0% used [0x00000000e7a80000,0x00000000e7a80000,0x00000000e8d00000)
 ParOldGen       total 42496K, used 25918K [0x0000000080000000, 0x0000000082980000, 0x00000000d5580000)
  object space 42496K, 60% used [0x0000000080000000,0x000000008194fb30,0x0000000082980000)
 Metaspace       used 57062K, capacity 59052K, committed 59160K, reserved 1099776K
  class space    used 7824K, capacity 8305K, committed 8368K, reserved 1048576K
Event: 22.270 GC heap after
Heap after GC invocations=14 (full 2):
 PSYoungGen      total 292864K, used 7956K [0x00000000d5580000, 0x00000000e8880000, 0x0000000100000000)
  eden space 278528K, 0% used [0x00000000d5580000,0x00000000d5580000,0x00000000e6580000)
  from space 14336K, 55% used [0x00000000e7a80000,0x00000000e82450d8,0x00000000e8880000)
  to   space 17920K, 0% used [0x00000000e6580000,0x00000000e6580000,0x00000000e7700000)
 ParOldGen       total 42496K, used 38598K [0x0000000080000000, 0x0000000082980000, 0x00000000d5580000)
  object space 42496K, 90% used [0x0000000080000000,0x00000000825b1890,0x0000000082980000)
 Metaspace       used 57062K, capacity 59052K, committed 59160K, reserved 1099776K
  class space    used 7824K, capacity 8305K, committed 8368K, reserved 1048576K
}
Event: 22.270 GC heap before
{Heap before GC invocations=15 (full 3):
 PSYoungGen      total 292864K, used 7956K [0x00000000d5580000, 0x00000000e8880000, 0x0000000100000000)
  eden space 278528K, 0% used [0x00000000d5580000,0x00000000d5580000,0x00000000e6580000)
  from space 14336K, 55% used [0x00000000e7a80000,0x00000000e82450d8,0x00000000e8880000)
  to   space 17920K, 0% used [0x00000000e6580000,0x00000000e6580000,0x00000000e7700000)
 ParOldGen       total 42496K, used 38598K [0x0000000080000000, 0x0000000082980000, 0x00000000d5580000)
  object space 42496K, 90% used [0x0000000080000000,0x00000000825b1890,0x0000000082980000)
 Metaspace       used 57062K, capacity 59052K, committed 59160K, reserved 1099776K
  class space    used 7824K, capacity 8305K, committed 8368K, reserved 1048576K
Event: 22.560 GC heap after
Heap after GC invocations=15 (full 3):
 PSYoungGen      total 292864K, used 0K [0x00000000d5580000, 0x00000000e8880000, 0x0000000100000000)
  eden space 278528K, 0% used [0x00000000d5580000,0x00000000d5580000,0x00000000e6580000)
  from space 14336K, 0% used [0x00000000e7a80000,0x00000000e7a80000,0x00000000e8880000)
  to   space 17920K, 0% used [0x00000000e6580000,0x00000000e6580000,0x00000000e7700000)
 ParOldGen       total 70656K, used 32761K [0x0000000080000000, 0x0000000084500000, 0x00000000d5580000)
  object space 70656K, 46% used [0x0000000080000000,0x0000000081ffe4c0,0x0000000084500000)
 Metaspace       used 57052K, capacity 59016K, committed 59160K, reserved 1099776K
  class space    used 7821K, capacity 8299K, committed 8368K, reserved 1048576K
}
Event: 29.135 GC heap before
{Heap before GC invocations=16 (full 3):
 PSYoungGen      total 292864K, used 278528K [0x00000000d5580000, 0x00000000e8880000, 0x0000000100000000)
  eden space 278528K, 100% used [0x00000000d5580000,0x00000000e6580000,0x00000000e6580000)
  from space 14336K, 0% used [0x00000000e7a80000,0x00000000e7a80000,0x00000000e8880000)
  to   space 17920K, 0% used [0x00000000e6580000,0x00000000e6580000,0x00000000e7700000)
 ParOldGen       total 70656K, used 32761K [0x0000000080000000, 0x0000000084500000, 0x00000000d5580000)
  object space 70656K, 46% used [0x0000000080000000,0x0000000081ffe4c0,0x0000000084500000)
 Metaspace       used 70923K, capacity 74108K, committed 74160K, reserved 1114112K
  class space    used 9734K, capacity 10409K, committed 10416K, reserved 1048576K
Event: 29.190 GC heap after
Heap after GC invocations=16 (full 3):
 PSYoungGen      total 296448K, used 17915K [0x00000000d5580000, 0x00000000f0280000, 0x0000000100000000)
  eden space 278528K, 0% used [0x00000000d5580000,0x00000000d5580000,0x00000000e6580000)
  from space 17920K, 99% used [0x00000000e6580000,0x00000000e76fefd8,0x00000000e7700000)
  to   space 27648K, 0% used [0x00000000ee780000,0x00000000ee780000,0x00000000f0280000)
 ParOldGen       total 70656K, used 51235K [0x0000000080000000, 0x0000000084500000, 0x00000000d5580000)
  object space 70656K, 72% used [0x0000000080000000,0x0000000083208cd8,0x0000000084500000)
 Metaspace       used 70923K, capacity 74108K, committed 74160K, reserved 1114112K
  class space    used 9734K, capacity 10409K, committed 10416K, reserved 1048576K
}
Event: 33.817 GC heap before
{Heap before GC invocations=17 (full 3):
 PSYoungGen      total 296448K, used 296443K [0x00000000d5580000, 0x00000000f0280000, 0x0000000100000000)
  eden space 278528K, 100% used [0x00000000d5580000,0x00000000e6580000,0x00000000e6580000)
  from space 17920K, 99% used [0x00000000e6580000,0x00000000e76fefd8,0x00000000e7700000)
  to   space 27648K, 0% used [0x00000000ee780000,0x00000000ee780000,0x00000000f0280000)
 ParOldGen       total 70656K, used 51235K [0x0000000080000000, 0x0000000084500000, 0x00000000d5580000)
  object space 70656K, 72% used [0x0000000080000000,0x0000000083208cd8,0x0000000084500000)
 Metaspace       used 80922K, capacity 84742K, committed 84912K, reserved 1122304K
  class space    used 11202K, capacity 11946K, committed 11952K, reserved 1048576K
Event: 33.952 GC heap after
Heap after GC invocations=17 (full 3):
 PSYoungGen      total 395776K, used 27634K [0x00000000d5580000, 0x00000000f2180000, 0x0000000100000000)
  eden space 368128K, 0% used [0x00000000d5580000,0x00000000d5580000,0x00000000ebd00000)
  from space 27648K, 99% used [0x00000000ee780000,0x00000000f027cb98,0x00000000f0280000)
  to   space 43520K, 0% used [0x00000000ebd00000,0x00000000ebd00000,0x00000000ee780000)
 ParOldGen       total 82432K, used 82178K [0x0000000080000000, 0x0000000085080000, 0x00000000d5580000)
  object space 82432K, 99% used [0x0000000080000000,0x0000000085040a70,0x0000000085080000)
 Metaspace       used 80922K, capacity 84742K, committed 84912K, reserved 1122304K
  class space    used 11202K, capacity 11946K, committed 11952K, reserved 1048576K
}
Event: 33.952 GC heap before
{Heap before GC invocations=18 (full 4):
 PSYoungGen      total 395776K, used 27634K [0x00000000d5580000, 0x00000000f2180000, 0x0000000100000000)
  eden space 368128K, 0% used [0x00000000d5580000,0x00000000d5580000,0x00000000ebd00000)
  from space 27648K, 99% used [0x00000000ee780000,0x00000000f027cb98,0x00000000f0280000)
  to   space 43520K, 0% used [0x00000000ebd00000,0x00000000ebd00000,0x00000000ee780000)
 ParOldGen       total 82432K, used 82178K [0x0000000080000000, 0x0000000085080000, 0x00000000d5580000)
  object space 82432K, 99% used [0x0000000080000000,0x0000000085040a70,0x0000000085080000)
 Metaspace       used 80922K, capacity 84742K, committed 84912K, reserved 1122304K
  class space    used 11202K, capacity 11946K, committed 11952K, reserved 1048576K
Event: 34.181 GC heap after
Heap after GC invocations=18 (full 4):
 PSYoungGen      total 395776K, used 0K [0x00000000d5580000, 0x00000000f2180000, 0x0000000100000000)
  eden space 368128K, 0% used [0x00000000d5580000,0x00000000d5580000,0x00000000ebd00000)
  from space 27648K, 0% used [0x00000000ee780000,0x00000000ee780000,0x00000000f0280000)
  to   space 43520K, 0% used [0x00000000ebd00000,0x00000000ebd00000,0x00000000ee780000)
 ParOldGen       total 116736K, used 58371K [0x0000000080000000, 0x0000000087200000, 0x00000000d5580000)
  object space 116736K, 50% used [0x0000000080000000,0x0000000083900e38,0x0000000087200000)
 Metaspace       used 80818K, capacity 84434K, committed 84912K, reserved 1122304K
  class space    used 11167K, capacity 11886K, committed 11952K, reserved 1048576K
}

Deoptimization events (10 events):
Event: 789.814 Thread 0x000000001f47e800 Uncommon trap: reason=bimorphic action=maybe_recompile pc=0x00000000034e8994 method=org.codehaus.groovy.runtime.metaclass.MetaMethodIndex.addMethodToList(Ljava/lang/Object;Lgroovy/lang/MetaMethod;)Ljava/lang/Object; @ 96
Event: 789.814 Thread 0x000000001f47e800 Uncommon trap: reason=unstable_if action=reinterpret pc=0x00000000034e88bc method=org.codehaus.groovy.runtime.metaclass.MetaMethodIndex.isNonRealMethod(Lgroovy/lang/MetaMethod;)Z @ 4
Event: 789.920 Thread 0x000000001f47e800 Uncommon trap: reason=unstable_if action=reinterpret pc=0x00000000035abfdc method=java.lang.ClassLoader.checkCerts(Ljava/lang/String;Ljava/security/CodeSource;)V @ 29
Event: 789.920 Thread 0x000000001f47e800 Uncommon trap: reason=unstable_if action=reinterpret pc=0x00000000038e9334 method=java.lang.ClassLoader.defineClassSourceLocation(Ljava/security/ProtectionDomain;)Ljava/lang/String; @ 8
Event: 789.920 Thread 0x000000001f47e800 Uncommon trap: reason=unstable_if action=reinterpret pc=0x000000000358707c method=java.lang.ClassLoader.postDefineClass(Ljava/lang/Class;Ljava/security/ProtectionDomain;)V @ 4
Event: 789.943 Thread 0x000000001f47e800 Uncommon trap: reason=class_check action=maybe_recompile pc=0x00000000030e2068 method=java.util.WeakHashMap.eq(Ljava/lang/Object;Ljava/lang/Object;)Z @ 7
Event: 789.950 Thread 0x000000001f47e800 Uncommon trap: reason=class_check action=maybe_recompile pc=0x00000000030e2068 method=java.util.WeakHashMap.eq(Ljava/lang/Object;Ljava/lang/Object;)Z @ 7
Event: 790.107 Thread 0x000000001f47e800 Uncommon trap: reason=bimorphic action=maybe_recompile pc=0x00000000046d0238 method=com.google.common.cache.LocalCache$Segment.getLiveValue(Lcom/google/common/cache/ReferenceEntry;J)Ljava/lang/Object; @ 1
Event: 790.207 Thread 0x000000001f47e800 Uncommon trap: reason=bimorphic action=maybe_recompile pc=0x00000000046d0238 method=com.google.common.cache.LocalCache$Segment.getLiveValue(Lcom/google/common/cache/ReferenceEntry;J)Ljava/lang/Object; @ 1
Event: 790.208 Thread 0x000000001f47e800 Uncommon trap: reason=bimorphic action=maybe_recompile pc=0x00000000046d0238 method=com.google.common.cache.LocalCache$Segment.getLiveValue(Lcom/google/common/cache/ReferenceEntry;J)Ljava/lang/Object; @ 1

Classes redefined (0 events):
No events

Internal exceptions (10 events):
Event: 789.889 Thread 0x000000001f47e800 Exception <a 'java/lang/ClassNotFoundException': org/codehaus/groovy/reflection/CachedFieldCustomizer> (0x00000000dbd73790) thrown at [C:\src\AOSP-openjdk-git\hotspot\src\share\vm\classfile\systemDictionary.cpp, line 210]
Event: 789.920 Thread 0x000000001f47e800 Implicit null exception at 0x00000000035ab3af to 0x00000000035abfc5
Event: 789.920 Thread 0x000000001f47e800 Implicit null exception at 0x00000000038e8c95 to 0x00000000038e9309
Event: 789.920 Thread 0x000000001f47e800 Implicit null exception at 0x0000000003586c1a to 0x0000000003587059
Event: 789.937 Thread 0x000000001f47e800 Exception <a 'java/lang/ClassNotFoundException': java/util/ArrayListBeanInfo> (0x00000000dbe9a498) thrown at [C:\src\AOSP-openjdk-git\hotspot\src\share\vm\classfile\systemDictionary.cpp, line 210]
Event: 789.937 Thread 0x000000001f47e800 Exception <a 'java/lang/ClassNotFoundException': java/util/AbstractListBeanInfo> (0x00000000dbea49e0) thrown at [C:\src\AOSP-openjdk-git\hotspot\src\share\vm\classfile\systemDictionary.cpp, line 210]
Event: 789.938 Thread 0x000000001f47e800 Exception <a 'java/lang/ClassNotFoundException': java/util/AbstractListCustomizer> (0x00000000dbeaf588) thrown at [C:\src\AOSP-openjdk-git\hotspot\src\share\vm\classfile\systemDictionary.cpp, line 210]
Event: 789.942 Thread 0x000000001f47e800 Exception <a 'java/lang/ClassNotFoundException': java/util/ArrayListCustomizer> (0x00000000dbec6e40) thrown at [C:\src\AOSP-openjdk-git\hotspot\src\share\vm\classfile\systemDictionary.cpp, line 210]
Event: 789.950 Thread 0x000000001f47e800 Exception <a 'java/lang/ClassNotFoundException': java/util/CollectionBeanInfo> (0x00000000dbf4d470) thrown at [C:\src\AOSP-openjdk-git\hotspot\src\share\vm\classfile\systemDictionary.cpp, line 210]
Event: 789.950 Thread 0x000000001f47e800 Exception <a 'java/lang/ClassNotFoundException': java/util/CollectionCustomizer> (0x00000000dbf57948) thrown at [C:\src\AOSP-openjdk-git\hotspot\src\share\vm\classfile\systemDictionary.cpp, line 210]

Events (10 events):
Event: 790.207 Thread 0x000000001f47e800 Uncommon trap: trap_request=0xffffffc6 fr.pc=0x00000000046d0238
Event: 790.207 Thread 0x000000001f47e800 DEOPT PACKING pc=0x00000000046d0238 sp=0x000000001c70b350
Event: 790.207 Thread 0x000000001f47e800 DEOPT UNPACKING pc=0x00000000029c557b sp=0x000000001c70b268 mode 2
Event: 790.208 Thread 0x000000001f47e800 Uncommon trap: trap_request=0xffffffc6 fr.pc=0x00000000046d0238
Event: 790.208 Thread 0x000000001f47e800 DEOPT PACKING pc=0x00000000046d0238 sp=0x000000001c70b350
Event: 790.208 Thread 0x000000001f47e800 DEOPT UNPACKING pc=0x00000000029c557b sp=0x000000001c70b268 mode 2
Event: 790.258 Thread 0x000000001f47e800 DEOPT PACKING pc=0x00000000035a2614 sp=0x000000001c70a4c0
Event: 790.258 Thread 0x000000001f47e800 DEOPT UNPACKING pc=0x00000000029c75d0 sp=0x000000001c70a1e0 mode 0
Event: 790.266 Executing VM operation: RevokeBias
Event: 790.266 Executing VM operation: RevokeBias done


Dynamic libraries:
0x00007ff719070000 - 0x00007ff7190a1000 	C:\Program Files\Android\Android Studio\jre\bin\java.exe
0x00007ffa704f0000 - 0x00007ffa706e6000 	C:\WINDOWS\SYSTEM32\ntdll.dll
0x00007ffa6e980000 - 0x00007ffa6ea3d000 	C:\WINDOWS\System32\KERNEL32.DLL
0x00007ffa6ded0000 - 0x00007ffa6e199000 	C:\WINDOWS\System32\KERNELBASE.dll
0x00007ffa6e8d0000 - 0x00007ffa6e97c000 	C:\WINDOWS\System32\ADVAPI32.dll
0x00007ffa6f1c0000 - 0x00007ffa6f25e000 	C:\WINDOWS\System32\msvcrt.dll
0x00007ffa70410000 - 0x00007ffa704ac000 	C:\WINDOWS\System32\sechost.dll
0x00007ffa6ea70000 - 0x00007ffa6eb9b000 	C:\WINDOWS\System32\RPCRT4.dll
0x00007ffa6f350000 - 0x00007ffa6f4f0000 	C:\WINDOWS\System32\USER32.dll
0x00007ffa6dd90000 - 0x00007ffa6ddb2000 	C:\WINDOWS\System32\win32u.dll
0x00007ffa6ea40000 - 0x00007ffa6ea6a000 	C:\WINDOWS\System32\GDI32.dll
0x00007ffa6e2c0000 - 0x00007ffa6e3cb000 	C:\WINDOWS\System32\gdi32full.dll
0x00007ffa6e1a0000 - 0x00007ffa6e23d000 	C:\WINDOWS\System32\msvcp_win.dll
0x00007ffa6e420000 - 0x00007ffa6e520000 	C:\WINDOWS\System32\ucrtbase.dll
0x00007ffa4eb60000 - 0x00007ffa4edfb000 	C:\WINDOWS\WinSxS\amd64_microsoft.windows.common-controls_6595b64144ccf1df_6.0.19041.746_none_ca02b4b61b8320a4\COMCTL32.dll
0x00007ffa6f4f0000 - 0x00007ffa6f520000 	C:\WINDOWS\System32\IMM32.DLL
0x0000000061530000 - 0x0000000061602000 	C:\Program Files\Android\Android Studio\jre\jre\bin\msvcr100.dll
0x0000000061610000 - 0x0000000061e5b000 	C:\Program Files\Android\Android Studio\jre\jre\bin\server\jvm.dll
0x00007ffa6ec90000 - 0x00007ffa6ec98000 	C:\WINDOWS\System32\PSAPI.DLL
0x00007ffa61150000 - 0x00007ffa61177000 	C:\WINDOWS\SYSTEM32\WINMM.dll
0x00007ffa65200000 - 0x00007ffa6520a000 	C:\WINDOWS\SYSTEM32\VERSION.dll
0x00007ffa5ed50000 - 0x00007ffa5ed59000 	C:\WINDOWS\SYSTEM32\WSOCK32.dll
0x00007ffa6f2c0000 - 0x00007ffa6f32b000 	C:\WINDOWS\System32\WS2_32.dll
0x00007ffa4b7e0000 - 0x00007ffa4b7ef000 	C:\Program Files\Android\Android Studio\jre\jre\bin\verify.dll
0x00007ffa3d470000 - 0x00007ffa3d499000 	C:\Program Files\Android\Android Studio\jre\jre\bin\java.dll
0x00007ffa3bcb0000 - 0x00007ffa3bcc6000 	C:\Program Files\Android\Android Studio\jre\jre\bin\zip.dll
0x00007ffa6f760000 - 0x00007ffa6fea2000 	C:\WINDOWS\System32\SHELL32.dll
0x00007ffa68a40000 - 0x00007ffa691d0000 	C:\WINDOWS\SYSTEM32\windows.storage.dll
0x00007ffa6e550000 - 0x00007ffa6e8a6000 	C:\WINDOWS\System32\combase.dll
0x00007ffa6d640000 - 0x00007ffa6d66c000 	C:\WINDOWS\SYSTEM32\Wldp.dll
0x00007ffa6f6b0000 - 0x00007ffa6f75e000 	C:\WINDOWS\System32\SHCORE.dll
0x00007ffa701b0000 - 0x00007ffa70205000 	C:\WINDOWS\System32\shlwapi.dll
0x00007ffa6db60000 - 0x00007ffa6db86000 	C:\WINDOWS\SYSTEM32\profapi.dll
0x00007ffa3b5f0000 - 0x00007ffa3b60a000 	C:\Program Files\Android\Android Studio\jre\jre\bin\net.dll
0x00007ffa6d340000 - 0x00007ffa6d3aa000 	C:\WINDOWS\system32\mswsock.dll
0x00007ffa3a320000 - 0x00007ffa3a333000 	C:\Program Files\Android\Android Studio\jre\jre\bin\nio.dll
0x00007ffa35030000 - 0x00007ffa35056000 	C:\Users\JARVIS\.gradle\native\31\windows-amd64\native-platform.dll
0x00007ffa4b2c0000 - 0x00007ffa4b2cd000 	C:\Program Files\Android\Android Studio\jre\jre\bin\management.dll
0x00007ffa6d570000 - 0x00007ffa6d588000 	C:\WINDOWS\SYSTEM32\CRYPTSP.dll
0x00007ffa6cce0000 - 0x00007ffa6cd14000 	C:\WINDOWS\system32\rsaenh.dll
0x00007ffa6e520000 - 0x00007ffa6e547000 	C:\WINDOWS\System32\bcrypt.dll
0x00007ffa6db20000 - 0x00007ffa6db4e000 	C:\WINDOWS\SYSTEM32\USERENV.dll
0x00007ffa6e240000 - 0x00007ffa6e2c0000 	C:\WINDOWS\System32\bcryptprimitives.dll
0x00007ffa6d590000 - 0x00007ffa6d59c000 	C:\WINDOWS\SYSTEM32\CRYPTBASE.dll
0x00007ffa6d030000 - 0x00007ffa6d06b000 	C:\WINDOWS\SYSTEM32\IPHLPAPI.DLL
0x00007ffa6e8c0000 - 0x00007ffa6e8c8000 	C:\WINDOWS\System32\NSI.dll
0x00007ffa64430000 - 0x00007ffa64447000 	C:\WINDOWS\SYSTEM32\dhcpcsvc6.DLL
0x00007ffa64b40000 - 0x00007ffa64b5d000 	C:\WINDOWS\SYSTEM32\dhcpcsvc.DLL
0x00007ffa6d070000 - 0x00007ffa6d13b000 	C:\WINDOWS\SYSTEM32\DNSAPI.dll

VM Arguments:
jvm_args: -Xmx2048m -Dfile.encoding=windows-1252 -Duser.country=US -Duser.language=en -Duser.variant 
java_command: org.gradle.launcher.daemon.bootstrap.GradleDaemon 6.1.1
java_class_path (initial): C:\Users\JARVIS\.gradle\wrapper\dists\gradle-6.1.1-all\cfmwm155h49vnt3hynmlrsdst\gradle-6.1.1\lib\gradle-launcher-6.1.1.jar
Launcher Type: SUN_STANDARD

Environment Variables:
JAVA_HOME=C:\Program Files\Java\jdk-14
PATH=C:\Oracle19c\db_home\bin;C:\WINDOWS\system32;C:\WINDOWS;C:\WINDOWS\System32\Wbem;C:\WINDOWS\System32\WindowsPowerShell\v1.0\;C:\WINDOWS\System32\OpenSSH\;C:\Program Files\NVIDIA Corporation\NVIDIA NvDLISR;C:\Program Files (x86)\NVIDIA Corporation\PhysX\Common;C:\Program Files\Java\jdk-14\bin;C:\Program Files\Git\cmd;C:\Program Files\Git\mingw64\bin;C:\Program Files\Git\usr\bin;C:\WINDOWS\system32;C:\WINDOWS;C:\WINDOWS\System32\Wbem;C:\WINDOWS\System32\WindowsPowerShell\v1.0\;C:\WINDOWS\System32\OpenSSH\;C:\MinGW\bin;C:\Users\JARVIS\AppData\Local\Programs\Python\Python38\Scripts\;C:\Users\JARVIS\AppData\Local\Programs\Python\Python38\;C:\Users\JARVIS\AppData\Local\Microsoft\WindowsApps;C:\Program Files\Sublime Text 3;;C:\Users\JARVIS\AppData\Local\Programs\Microsoft VS Code\bin
USERNAME=JARVIS
OS=Windows_NT
PROCESSOR_IDENTIFIER=Intel64 Family 6 Model 142 Stepping 9, GenuineIntel



---------------  S Y S T E M  ---------------

OS: Windows 10.0 , 64 bit Build 19041 (10.0.19041.804)

CPU:total 4 (initial active 4) (2 cores per cpu, 2 threads per core) family 6 model 142 stepping 9, cmov, cx8, fxsr, mmx, sse, sse2, sse3, ssse3, sse4.1, sse4.2, popcnt, avx, avx2, aes, clmul, erms, 3dnowpref, lzcnt, ht, tsc, tscinvbit, bmi1, bmi2, adx

Memory: 4k page, physical 4066916k(195780k free), swap 7188068k(5424k free)

vm_info: OpenJDK 64-Bit Server VM (25.242-b01) for windows-amd64 JRE (1.8.0_242-release-1644-b01), built by "builder" with MS VC++ 10.0 (VS2010)

time: Mon Feb 15 13:28:55 2021
timezone: India Standard Time
elapsed time: 790 seconds (0d 0h 13m 10s)

